    0.0000E+00       0.0000000E+00    0.0000000E+00       0.0000000E+00    0.0000000E+00       0.0000000E+00    0.0000000E+00
    0.2000E+00      -0.1362414E-07   -0.1447151E+00       0.1447841E-08   -0.6634077E-01       0.2356263E-04    0.1225257E+03
    0.4000E+00      -0.2445939E-07   -0.9095675E+00      -0.1045041E-06   -0.1325800E+01       0.4714084E-04    0.2451324E+03
    0.6000E+00      -0.3877293E-07   -0.1405888E+01      -0.1597329E-06   -0.2034880E+01       0.7053891E-04    0.3668024E+03
    0.8000E+00      -0.5075281E-07   -0.2498867E+01      -0.3176459E-06   -0.3886711E+01       0.9396252E-04    0.4886051E+03
    0.1000E+01      -0.6495675E-07   -0.3290204E+01      -0.4217073E-06   -0.5145306E+01       0.1172171E-03    0.6095288E+03
    0.1200E+01      -0.7662462E-07   -0.4661201E+01      -0.6260269E-06   -0.7518093E+01       0.1405046E-03    0.7306241E+03
    0.1400E+01      -0.9017464E-07   -0.5714009E+01      -0.7744024E-06   -0.9271993E+01       0.1636276E-03    0.8508635E+03
    0.1600E+01      -0.1025710E-06   -0.7351140E+01      -0.1021237E-05   -0.1212821E+02       0.1867895E-03    0.9713051E+03
    0.1800E+01      -0.1160530E-06   -0.8652604E+01      -0.1210726E-05   -0.1434491E+02       0.2097904E-03    0.1090910E+04
    0.2000E+01      -0.1284941E-06   -0.1053294E+02      -0.1497567E-05   -0.1765211E+02       0.2328340E-03    0.1210737E+04
    0.2200E+01      -0.1416158E-06   -0.1206704E+02      -0.1726072E-05   -0.2030621E+02       0.2557200E-03    0.1329744E+04
    0.2400E+01      -0.1535629E-06   -0.1417333E+02      -0.2051074E-05   -0.2404038E+02       0.2786496E-03    0.1448978E+04
    0.2600E+01      -0.1671083E-06   -0.1593959E+02      -0.2317060E-05   -0.2711934E+02       0.3014229E-03    0.1567399E+04
    0.2800E+01      -0.1787051E-06   -0.1826604E+02      -0.2679006E-05   -0.3126761E+02       0.3242432E-03    0.1686065E+04
    0.3000E+01      -0.1925400E-06   -0.2025673E+02      -0.2981447E-05   -0.3475905E+02       0.3469074E-03    0.1803918E+04
    0.3200E+01      -0.2044337E-06   -0.2280518E+02      -0.3379433E-05   -0.3931518E+02       0.3696188E-03    0.1922018E+04
    0.3400E+01      -0.2167027E-06   -0.2499488E+02      -0.3717587E-05   -0.4319947E+02       0.3921766E-03    0.2039318E+04
    0.3600E+01      -0.2285874E-06   -0.2775835E+02      -0.4151032E-05   -0.4815506E+02       0.4147828E-03    0.2156870E+04
    0.3800E+01      -0.2415568E-06   -0.3016971E+02      -0.4524423E-05   -0.5244061E+02       0.4372341E-03    0.2273617E+04
    0.4000E+01      -0.2532159E-06   -0.3314337E+02      -0.4992935E-05   -0.5778991E+02       0.4597349E-03    0.2390621E+04
    0.4200E+01      -0.2667582E-06   -0.3577316E+02      -0.5401267E-05   -0.6247260E+02       0.4820821E-03    0.2506827E+04
    0.4400E+01      -0.2776371E-06   -0.3894963E+02      -0.5904657E-05   -0.6821013E+02       0.5044775E-03    0.2623283E+04
    0.4600E+01      -0.2907560E-06   -0.4178597E+02      -0.6347822E-05   -0.7328272E+02       0.5267193E-03    0.2738940E+04
    0.4800E+01      -0.3028943E-06   -0.4518794E+02      -0.6886044E-05   -0.7942032E+02       0.5490098E-03    0.2854851E+04
    0.5000E+01      -0.3159283E-06   -0.4823485E+02      -0.7364075E-05   -0.8488521E+02       0.5711472E-03    0.2969965E+04
    0.5200E+01      -0.3279131E-06   -0.5184714E+02      -0.7937251E-05   -0.9141570E+02       0.5933321E-03    0.3085327E+04
    0.5400E+01      -0.3410050E-06   -0.5510738E+02      -0.8450340E-05   -0.9727592E+02       0.6153655E-03    0.3199900E+04
    0.5600E+01      -0.3535244E-06   -0.5893932E+02      -0.9058727E-05   -0.1042064E+03       0.6374437E-03    0.3314707E+04
    0.5800E+01      -0.3672853E-06   -0.6242181E+02      -0.9607209E-05   -0.1104694E+03       0.6593699E-03    0.3428724E+04
    0.6000E+01      -0.3786487E-06   -0.6645689E+02      -0.1025123E-04   -0.1177943E+03       0.6813417E-03    0.3542977E+04
    0.6200E+01      -0.3932145E-06   -0.7016616E+02      -0.1083559E-04   -0.1244665E+03       0.7031600E-03    0.3656432E+04
    0.6400E+01      -0.4051021E-06   -0.7442673E+02      -0.1151581E-04   -0.1322024E+03       0.7250239E-03    0.3770124E+04
    0.6600E+01      -0.4199249E-06   -0.7836053E+02      -0.1213671E-04   -0.1392878E+03       0.7467319E-03    0.3883006E+04
    0.6800E+01      -0.4330953E-06   -0.8285961E+02      -0.1285386E-04   -0.1474476E+03       0.7684848E-03    0.3996121E+04
    0.7000E+01      -0.4485653E-06   -0.8702731E+02      -0.1351211E-04   -0.1549578E+03       0.7900806E-03    0.4108419E+04
    0.7200E+01      -0.4621721E-06   -0.9176086E+02      -0.1426710E-04   -0.1635465E+03       0.8117204E-03    0.4220946E+04
    0.7400E+01      -0.4771258E-06   -0.9615544E+02      -0.1496371E-04   -0.1714857E+03       0.8332025E-03    0.4332653E+04
    0.7600E+01      -0.4921904E-06   -0.1011416E+03      -0.1575763E-04   -0.1805219E+03       0.8547255E-03    0.4444573E+04
    0.7800E+01      -0.5088825E-06   -0.1057957E+03      -0.1649379E-04   -0.1889172E+03       0.8760893E-03    0.4555664E+04
    0.8000E+01      -0.5243615E-06   -0.1110307E+03      -0.1732795E-04   -0.1984094E+03       0.8974925E-03    0.4666961E+04
    0.8200E+01      -0.5419014E-06   -0.1159429E+03      -0.1810507E-04   -0.2072714E+03       0.9187349E-03    0.4777421E+04
    0.8400E+01      -0.5602604E-06   -0.1214637E+03      -0.1898100E-04   -0.2172515E+03       0.9400141E-03    0.4888073E+04
    0.8600E+01      -0.5784753E-06   -0.1266419E+03      -0.1980073E-04   -0.2265976E+03       0.9611301E-03    0.4997876E+04
    0.8800E+01      -0.5964393E-06   -0.1324224E+03      -0.2072019E-04   -0.2370659E+03       0.9822806E-03    0.5107859E+04
    0.9000E+01      -0.6169150E-06   -0.1378962E+03      -0.2158444E-04   -0.2469273E+03       0.1003265E-02    0.5216979E+04
    0.9200E+01      -0.6368990E-06   -0.1439760E+03      -0.2254949E-04   -0.2579215E+03       0.1024282E-02    0.5326269E+04
    0.9400E+01      -0.6593100E-06   -0.1497549E+03      -0.2346045E-04   -0.2683209E+03       0.1045129E-02    0.5434672E+04
    0.9600E+01      -0.6814422E-06   -0.1561514E+03      -0.2447371E-04   -0.2798712E+03       0.1066006E-02    0.5543231E+04
    0.9800E+01      -0.7059083E-06   -0.1622535E+03      -0.2543411E-04   -0.2908402E+03       0.1086709E-02    0.5650885E+04
    0.1000E+02      -0.7311024E-06   -0.1689913E+03      -0.2649795E-04   -0.3029789E+03       0.1107437E-02    0.5758672E+04
