    1              0.20000000        1              0.20000000             10.00000000
    2              0.20000000        1              0.40000000             10.00000000
    3              0.20000000        1              0.60000000             10.00000000
    4              0.20000000        1              0.80000000             10.00000000
    5              0.20000000        1              1.00000000             10.00000000
    6              0.20000000        1              1.20000000             10.00000000
    7              0.20000000        1              1.40000000             10.00000000
    8              0.20000000        1              1.60000000             10.00000000
    9              0.20000000        1              1.80000000             10.00000000
   10              0.20000000        1              2.00000000             10.00000000
   11              0.20000000        1              2.20000000             10.00000000
   12              0.20000000        1              2.40000000             10.00000000
   13              0.20000000        1              2.60000000             10.00000000
   14              0.20000000        1              2.80000000             10.00000000
   15              0.20000000        1              3.00000000             10.00000000
   16              0.20000000        1              3.20000000             10.00000000
   17              0.20000000        1              3.40000000             10.00000000
   18              0.20000000        1              3.60000000             10.00000000
   19              0.20000000        1              3.80000000             10.00000000
   20              0.20000000        1              4.00000000             10.00000000
   21              0.20000000        1              4.20000000             10.00000000
   22              0.20000000        1              4.40000000             10.00000000
   23              0.20000000        1              4.60000000             10.00000000
   24              0.20000000        1              4.80000000             10.00000000
   25              0.20000000        1              5.00000000             10.00000000
   26              0.20000000        1              5.20000000             10.00000000
   27              0.20000000        1              5.40000000             10.00000000
   28              0.20000000        1              5.60000000             10.00000000
   29              0.20000000        1              5.80000000             10.00000000
   30              0.20000000        1              6.00000000             10.00000000
   31              0.20000000        1              6.20000000             10.00000000
   32              0.20000000        1              6.40000000             10.00000000
   33              0.20000000        1              6.60000000             10.00000000
   34              0.20000000        1              6.80000000             10.00000000
   35              0.20000000        1              7.00000000             10.00000000
   36              0.20000000        1              7.20000000             10.00000000
   37              0.20000000        1              7.40000000             10.00000000
   38              0.20000000        1              7.60000000             10.00000000
   39              0.20000000        1              7.80000000             10.00000000
   40              0.20000000        1              8.00000000             10.00000000
   41              0.20000000        1              8.20000000             10.00000000
   42              0.20000000        1              8.40000000             10.00000000
   43              0.20000000        1              8.60000000             10.00000000
   44              0.20000000        1              8.80000000             10.00000000
   45              0.20000000        1              9.00000000             10.00000000
   46              0.20000000        1              9.20000000             10.00000000
   47              0.20000000        1              9.40000000             10.00000000
   48              0.20000000        1              9.60000000             10.00000000
   49              0.20000000        1              9.80000000             10.00000000
   50              0.20000000        1             10.00000000             10.00000000
