           1  0.20000000000000001        0.0000000000000000        0.0000000000000000        0.0000000000000000        0.0000000000000000     
           2  0.40000000000000002       -171.92891226286679       -55.070351441906062        2.0949687082008417       -106.94640181438373     
           3  0.60000000000000009       -342.89875494543901       -109.73331653168613        4.0566281970110580       -204.04208302262248     
           4  0.80000000000000004       -513.39082261932640       -164.10305004920241        5.8971251977712456       -294.85194792016233     
           5   1.0000000000000000       -682.96550604592358       -218.12072462199552        7.6947194260473282       -380.44392944090509     
           6   1.2000000000000000       -852.18867817533112       -271.87479069468884        9.3963901620608112       -462.05762208297125     
           7   1.3999999999999999       -1020.5454188395004       -325.30718749303759        11.083073118725991       -540.08971663302270     
           8   1.5999999999999999       -1188.6551353435252       -378.51427260475458        12.689237218081075       -615.47460555566647     
           9   1.7999999999999998       -1355.9022141883565       -431.40972498094749        14.301215857020509       -688.28123399167293     
          10   1.9999999999999998       -1522.9138644996317       -484.09528367471552        15.845380381917096       -759.25782653627095     
          11   2.1999999999999997       -1689.1255204488702       -536.48452865515230        17.393236147306936       -828.34974823563232     
          12   2.3999999999999999       -1855.1246451226393       -588.68228380349387        18.888222933176678       -896.14538051088675     
          13   2.6000000000000001       -2020.3315730810987       -640.58598136787703        20.389944419341759       -962.48168227707163     
          14   2.8000000000000003       -2185.3489111269441       -692.29882819836109        21.836016443065546       -1027.8805362906173     
          15   3.0000000000000004       -2349.6090339973980       -743.73102365805676        23.289578644646440       -1092.1231774484459     
          16   3.2000000000000006       -2513.6565933261436       -794.97570869847959        24.693302304906979       -1155.6383381993289     
          17   3.4000000000000008       -2676.9768638412925       -845.95081887775257        26.105953674931129       -1218.2053797675460     
          18   3.6000000000000010       -2840.0496287414567       -896.73420401747035        27.474795687293181       -1280.1770089745091     
          19   3.8000000000000012       -3002.4385535998781       -947.25040921122775        28.841826994672147       -1341.3609244907457     
          20   4.0000000000000009       -3164.5845475231422       -997.57677409908672        30.161684083012915       -1402.0655154233309     
          21   4.2000000000000011       -3326.0213271570601       -1047.6317690463607        31.482713729794114       -1462.0611428026286     
          22   4.4000000000000012       -3487.2553098620128       -1097.5076273250966        32.749801987864657       -1521.6877803322900     
          23   4.6000000000000014       -3647.7669420675720       -1147.1079293407222        34.017740617333402       -1580.6671116422940     
          24   4.8000000000000016       -3808.0707718309095       -1196.5176095500483        35.226838124876167       -1639.3371245238857     
          25   5.0000000000000018       -3967.6386116026629       -1245.6657878038161        36.441786487609079       -1697.4097169596334     
          26   5.2000000000000020       -4127.0159681806872       -1294.6144972195059        37.586461119661408       -1755.2414957221004     
          27   5.4000000000000021       -4285.6439982891206       -1343.2941619273954        38.732499716632447       -1812.5153025772102     
          28   5.6000000000000023       -4444.0530727285668       -1391.7670174624611        39.812153894649100       -1869.5710058986297     
          29   5.8000000000000025       -4601.7279584996777       -1439.9745612735153        40.884728430985433       -1926.1295575192187     
          30   6.0000000000000027       -4759.1721590103525       -1487.9738202137075        41.889854154813065       -1982.5025068244420     
          31   6.2000000000000028       -4915.8939445095339       -1535.6864466201000        42.873131739432665       -2038.4284272682644     
          32   6.4000000000000030       -5072.3515693198688       -1583.1975970650592        43.791627742983565       -2094.1878659940685     
          33   6.6000000000000032       -5228.0872751009465       -1630.4212354307970        44.686728463255804       -2149.5393615103485     
          34   6.8000000000000034       -5383.5251230508447       -1677.4192872684564        45.509286223233403       -2204.7387740312920     
          35   7.0000000000000036       -5538.2387898757024       -1724.1266716566470        46.303965437894249       -2259.5672391470489     
          36   7.2000000000000037       -5692.6715291064329       -1770.6094250743249        47.015649041303732       -2314.2979708005328     
          37   7.4000000000000039       -5846.3189674768410       -1816.7818981709652        47.699971487890025       -2368.6516453479653     
          38   7.6000000000000041       -5999.6846877486969       -1862.7127967352828        48.288987701388578       -2422.9464193582262     
          39   7.8000000000000043       -6152.2556355743836       -1908.3338093003454        48.849257453018254       -2476.8961153530608     
          40   8.0000000000000036       -6304.5154583949688       -1953.7056301178518        49.312861395373830       -2530.8032042399518     
          41   8.2000000000000028       -6455.9553754194385       -1998.7477334944883        49.736414286566742       -2584.3888153190201     
          42   8.4000000000000021       -6607.0360801812631       -2043.5112452297119        50.052796639235112       -2637.9416505152676     
          43   8.6000000000000014       -6757.2972773383517       -2087.9281351681961        50.312400098887338       -2691.2153252764683     
          44   8.8000000000000007       -6907.1947710156610       -2132.0695066603330        50.462955041541136       -2744.4919947758376     
          45   9.0000000000000000       -7056.1894419456403       -2175.8428028194144        50.566363217847538       -2797.4679946305632     
          46   9.1999999999999993       -7204.7969171163095       -2219.3043964850272        50.533554772562184       -2850.4770495220155     
          47   9.3999999999999986       -7352.4851014784654       -2262.3836199472548        50.440139938508764       -2903.2165587454260     
          48   9.5999999999999979       -7499.7668954981127       -2305.1268409408622        50.203063921407193       -2956.0191469992515     
          49   9.7999999999999972       -7646.0556610080293       -2347.4556238754476        49.896433820645598       -3008.5421140111030     
          50   9.9999999999999964       -7791.8640186987768       -2389.4382752417796        49.447900722750092       -3061.1207053598177     
