       840       871       0.0000000E+00      -0.3429945E-07      -0.9391218E+02       805       842       0.0000000E+00      -0.4673235E-08      -0.1279536E+02
       840       871       0.2416235E-04      -0.1328536E-15      -0.2267658E+03       805       842       0.3653860E-04       0.5763019E-16       0.4480837E+02
       840       871       0.6011324E-04      -0.3429945E-07      -0.3106427E+03       805       842       0.1027317E-03      -0.6610654E-08       0.1647526E+02
       840       871       0.1171778E-03      -0.2644195E-15      -0.4422879E+03       805       842       0.1949963E-03       0.1095488E-15       0.6841959E+02
       840       871       0.1836358E-03      -0.3429945E-07      -0.5256127E+03       805       842       0.3127695E-03      -0.4930992E-08       0.3925982E+02
       840       871       0.2695349E-03      -0.3957352E-15      -0.6569270E+03       805       842       0.4535583E-03       0.1649189E-15       0.9460050E+02
       840       871       0.3635020E-03      -0.3429945E-07      -0.7398540E+03       805       842       0.6172893E-03      -0.5981482E-08       0.6538832E+02
       840       871       0.4758341E-03      -0.5268435E-15      -0.8709080E+03       805       842       0.8020919E-03       0.2178430E-15       0.1183411E+03
       840       871       0.5953575E-03      -0.3429945E-07      -0.9535531E+03       805       842       0.1008311E-02      -0.5228640E-08       0.8900796E+02
       840       871       0.7325309E-03      -0.6575531E-15      -0.1084318E+04       805       842       0.1234249E-02       0.2725437E-15       0.1435755E+03
       840       871       0.8762968E-03      -0.3429945E-07      -0.1166718E+04       805       842       0.1480423E-02      -0.5752501E-08       0.1141638E+03
       840       871       0.1037226E-02      -0.7879356E-15      -0.1297153E+04       805       842       0.1745406E-02       0.3257058E-15       0.1675081E+03
       840       871       0.1204333E-02      -0.3429945E-07      -0.1379356E+04       805       842       0.2029892E-02      -0.5376174E-08       0.1380355E+03
       840       871       0.1388254E-02      -0.9183700E-15      -0.1509548E+04       805       842       0.2332513E-02       0.3798061E-15       0.1920748E+03
       840       871       0.1578058E-02      -0.3429945E-07      -0.1591531E+04       805       842       0.2654040E-02      -0.5643087E-08       0.1625377E+03
       840       871       0.1784425E-02      -0.1048126E-14      -0.1721435E+04       805       842       0.2993222E-02       0.4329410E-15       0.2158299E+03
       840       871       0.1996457E-02      -0.3429945E-07      -0.1803197E+04       805       842       0.3350920E-02      -0.5452756E-08       0.1862468E+03
       840       871       0.2224868E-02      -0.1177848E-14      -0.1932829E+04       805       842       0.3725909E-02       0.4866886E-15       0.2397872E+03
       840       871       0.2458770E-02      -0.3429945E-07      -0.2014376E+04       805       842       0.4119076E-02      -0.5594980E-08       0.2101440E+03
       840       871       0.2708900E-02      -0.1307253E-14      -0.2143840E+04       805       842       0.4529248E-02       0.5395606E-15       0.2630771E+03
       840       871       0.2964393E-02      -0.3429945E-07      -0.2225204E+04       805       842       0.4957374E-02      -0.5524541E-08       0.2333207E+03
       840       871       0.3235998E-02      -0.1436169E-14      -0.2354313E+04       805       842       0.5402279E-02       0.5925923E-15       0.2862156E+03
       840       871       0.3512846E-02      -0.3429945E-07      -0.2435484E+04       805       842       0.5864935E-02      -0.5587671E-08       0.2563943E+03
       840       871       0.3805706E-02      -0.1565884E-14      -0.2564476E+04       805       842       0.6344194E-02       0.6447683E-15       0.3087629E+03
       840       871       0.4103718E-02      -0.3429945E-07      -0.2645414E+04       805       842       0.6841059E-02      -0.5583940E-08       0.2788123E+03
       840       871       0.4417656E-02      -0.1694325E-14      -0.2774150E+04       805       842       0.7354385E-02       0.6971471E-15       0.3307808E+03
       840       871       0.4736657E-02      -0.3429945E-07      -0.2854977E+04       805       842       0.7885196E-02      -0.5613008E-08       0.3007412E+03
       840       871       0.5071509E-02      -0.1822513E-14      -0.2983423E+04       805       842       0.8432355E-02       0.7485082E-15       0.3521840E+03
       840       871       0.5411354E-02      -0.3429945E-07      -0.3064126E+04       805       842       0.8996913E-02      -0.5641148E-08       0.3220033E+03
       840       871       0.5766975E-02      -0.1950878E-14      -0.3192310E+04       805       842       0.9577736E-02       0.7991714E-15       0.3729119E+03
       840       871       0.6127521E-02      -0.3429945E-07      -0.3272904E+04       805       842       0.1017589E-01      -0.5687264E-08       0.3425442E+03
       840       871       0.6503780E-02      -0.2078642E-14      -0.3400781E+04       805       842       0.1079024E-01       0.8491404E-15       0.3928088E+03
       840       871       0.6884904E-02      -0.3429945E-07      -0.3481255E+04       805       842       0.1142189E-01      -0.5735346E-08       0.3622140E+03
       840       871       0.7281680E-02      -0.2205583E-14      -0.3608937E+04       805       842       0.1206969E-01       0.8986655E-15       0.4116702E+03
       840       871       0.7683261E-02      -0.3429945E-07      -0.3689298E+04       805       842       0.1273477E-01      -0.5758795E-08       0.3809112E+03
       840       871       0.8100432E-02      -0.2333255E-14      -0.3816729E+04       805       842       0.1341597E-01       0.9475419E-15       0.4296389E+03
       840       871       0.8522363E-02      -0.3429945E-07      -0.3896870E+04       805       842       0.1411446E-01      -0.5815578E-08       0.3986816E+03
       840       871       0.8959823E-02      -0.2460232E-14      -0.4024087E+04       805       842       0.1482906E-01       0.9952307E-15       0.4463692E+03
       840       871       0.9401991E-02      -0.3429945E-07      -0.4104212E+04       805       842       0.1556098E-01      -0.5881672E-08       0.4151265E+03
       840       871       0.9859638E-02      -0.2587180E-14      -0.4231066E+04       805       842       0.1630902E-01       0.1042164E-14       0.4618216E+03
       840       871       0.1032195E-01      -0.3429945E-07      -0.4311163E+04       805       842       0.1707441E-01      -0.5931930E-08       0.4303138E+03
       840       871       0.1079967E-01      -0.2713123E-14      -0.4437834E+04       805       842       0.1785596E-01       0.1086451E-14       0.4759197E+03
       840       871       0.1128202E-01      -0.3429945E-07      -0.4517786E+04       805       842       0.1865491E-01      -0.6030030E-08       0.4440523E+03
       840       871       0.1177973E-01      -0.2839518E-14      -0.4644109E+04       805       842       0.1947006E-01       0.1131511E-14       0.4884161E+03
       840       871       0.1228202E-01      -0.3429945E-07      -0.4724001E+04       805       842       0.2030270E-01      -0.6089950E-08       0.4561958E+03
       840       871       0.1279962E-01      -0.2964986E-14      -0.4850035E+04       805       842       0.2115158E-01       0.1173295E-14       0.4992986E+03
       840       871       0.1332175E-01      -0.3429945E-07      -0.4929836E+04       805       842       0.2201806E-01      -0.6197307E-08       0.4666733E+03
       840       871       0.1385913E-01      -0.3090841E-14      -0.5055591E+04       805       842       0.2290085E-01       0.1216002E-14       0.5082053E+03
       840       871       0.1440099E-01      -0.3429945E-07      -0.5135381E+04       805       842       0.2380134E-01      -0.6279355E-08       0.4751515E+03
       840       871       0.1495806E-01      -0.3215710E-14      -0.5260766E+04       805       842       0.2471823E-01       0.1255210E-14       0.5151231E+03
